<?xml version="1.0" encoding="UTF-8"?>
<beans xmlns="http://www.springframework.org/schema/beans"
       xmlns:xsi="http://www.w3.org/2001/XMLSchema-instance" xmlns:tx="http://www.springframework.org/schema/tx"
       xmlns:p="http://www.springframework.org/schema/p"
       xmlns:util="http://www.springframework.org/schema/util"
       xmlns:context="http://www.springframework.org/schema/context"
       xsi:schemaLocation="http://www.springframework.org/schema/beans http://www.springframework.org/schema/beans/spring-beans.xsd http://www.springframework.org/schema/tx http://www.springframework.org/schema/tx/spring-tx.xsd http://www.springframework.org/schema/util http://www.springframework.org/schema/util/spring-util.xsd">

    <!-- Spring теперь видит настройки в .properties файлах -->
    <context:property-placeholder location="classpath:*.properties"/>

    <!-- enabling annotation driven configuration /-->
    <tx:annotation-driven transaction-manager="transactionManager"/>

    <bean class="org.springframework.orm.jpa.support.PersistenceAnnotationBeanPostProcessor"/>


    <bean id="transactionManager" class="org.springframework.orm.jpa.JpaTransactionManager"
          p:dataSource-ref="dataSource"
          p:entityManagerFactory-ref="entityManagerFactory"/>

    <bean id="entityManagerFactory"
          class="org.springframework.orm.jpa.LocalContainerEntityManagerFactoryBean"
          p:dataSource-ref="dataSource"
          p:jpaVendorAdapter-ref="jpaAdapter"
          p:jpaPropertyMap-ref="jpaPropertyMap"
          p:packagesToScan="JPA2">
        <property name="loadTimeWeaver">
            <bean class="org.springframework.instrument.classloading.InstrumentationLoadTimeWeaver"/>
        </property>
    </bean>
    <util:map id="jpaPropertyMap">
        <entry key="hibernate.hbm2ddl.auto" value="${hibernate.hbm2ddl.auto}"/>
        <entry key="hibernate.dialect" value="${hibernate.dialect}"/>
    </util:map>

    <bean id="jpaAdapter"
          class="org.springframework.orm.jpa.vendor.HibernateJpaVendorAdapter"
          p:generateDdl="${jpa.generateDdl}"
          p:showSql="${jpa.showSql}"/>

    <bean id="dataSource" class="org.springframework.jdbc.datasource.DriverManagerDataSource"
          p:driverClassName="${jdbc.driverClassName}"
          p:url="${jdbc.url}"
          p:username="${jdbc.username}"
          p:password="${jdbc.password}"/>
</beans>