
<?xml version="1.0" encoding="UTF-8"?>
<beans xmlns="http://www.springframework.org/schema/beans"
       xmlns:xsi="http://www.w3.org/2001/XMLSchema-instance"
       xmlns:context="http://www.springframework.org/schema/context"
       xmlns:tx="http://www.springframework.org/schema/tx"
       xmlns:p="http://www.springframework.org/schema/p"
       xmlns:util="http://www.springframework.org/schema/util"
       xsi:schemaLocation="
         http://www.springframework.org/schema/beans http://www.springframework.org/schema/beans/spring-beans-3.1.xsd
         http://www.springframework.org/schema/context http://www.springframework.org/schema/context/spring-context-3.1.xsd
         http://www.springframework.org/schema/tx http://www.springframework.org/schema/tx/spring-tx-3.1.xsd
         http://www.springframework.org/schema/util http://www.springframework.org/schema/util/spring-util-3.0.xsd">

    <context:property-placeholder location="classpath:db.properties"/>
    <context:component-scan base-package="JPA2"/>
    
    <tx:annotation-driven transaction-manager="transactionManager"/>

    <bean class="org.springframework.orm.jpa.support.PersistenceAnnotationBeanPostProcessor"/>

    <bean id="transactionManager" class="org.springframework.orm.jpa.JpaTransactionManager"
          p:dataSource-ref="dataSource"
          p:entityManagerFactory-ref="entityManagerFactory"/>

    <bean id="entityManagerFactory"
          class="org.springframework.orm.jpa.LocalContainerEntityManagerFactoryBean"
          p:dataSource-ref="dataSource"
          p:jpaVendorAdapter-ref="jpaAdapter"
          p:jpaPropertyMap-ref="jpaPropertyMap"
          p:packagesToScan="JPA2.models"/>

    <util:map id="jpaPropertyMap">
        <entry key="hibernate.hbm2ddl.auto" value="${hibernate.hbm2ddl.auto}"/>
        <entry key="hibernate.dialect" value="${hibernate.dialect}"/>
    </util:map>

    <bean id="jpaAdapter"
          class="org.springframework.orm.jpa.vendor.HibernateJpaVendorAdapter"
          p:generateDdl="${jpa.generateDdl}"
          p:showSql="${jpa.showSql}"/>

    <bean id="dataSource" class="org.springframework.jdbc.datasource.DriverManagerDataSource"
          p:driverClassName="${jdbc.driverClassName}"
          p:url="${jdbc.url}"
          p:username="${jdbc.username}"
          p:password="${jdbc.password}"/>
</beans>
