<!-- Assuming this is part of a larger Spring configuration file -->
<beans xmlns="http://www.springframework.org/schema/beans"
       xmlns:xsi="http://www.w3.org/2001/XMLSchema-instance"
       xmlns:context="http://www.springframework.org/schema/context"
       xsi:schemaLocation="http://www.springframework.org/schema/beans
           http://www.springframework.org/schema/beans/spring-beans.xsd
           http://www.springframework.org/schema/context
           http://www.springframework.org/schema/context/spring-context.xsd">

    <!-- This line is the only change from the provided snippet -->
    <context:property-placeholder location="classpath:db.properties"/>

    <!-- ... rest of your Spring configuration ... -->

</beans>